<?xml version="1.0" encoding="UTF-8"?>
<coverage generated="1648563647484" clover="3.2.0">
  <project timestamp="1648563647486" name="All files">
    <metrics statements="59" coveredstatements="42" conditionals="18" coveredconditionals="8" methods="19" coveredmethods="12" elements="96" coveredelements="62" complexity="0" loc="59" ncloc="59" packages="1" files="1" classes="1"/>
    <file name="task.js" path="C:\Users\monik\ToDo-List\src\task.js">
      <metrics statements="59" coveredstatements="42" conditionals="18" coveredconditionals="8" methods="19" coveredmethods="12"/>
      <line num="3" count="2" type="stmt"/>
      <line num="4" count="2" type="cond" truecount="2" falsecount="0"/>
      <line num="5" count="1" type="stmt"/>
      <line num="7" count="2" type="stmt"/>
      <line num="11" count="7" type="stmt"/>
      <line num="12" count="7" type="stmt"/>
      <line num="13" count="7" type="stmt"/>
      <line num="14" count="7" type="stmt"/>
      <line num="15" count="9" type="stmt"/>
      <line num="16" count="9" type="cond" truecount="1" falsecount="1"/>
      <line num="17" count="0" type="stmt"/>
      <line num="25" count="9" type="stmt"/>
      <line num="33" count="9" type="stmt"/>
      <line num="39" count="9" type="stmt"/>
      <line num="41" count="7" type="stmt"/>
      <line num="45" count="10" type="stmt"/>
      <line num="46" count="15" type="stmt"/>
      <line num="48" count="10" type="stmt"/>
      <line num="49" count="7" type="cond" truecount="1" falsecount="1"/>
      <line num="50" count="0" type="stmt"/>
      <line num="52" count="7" type="cond" truecount="1" falsecount="1"/>
      <line num="53" count="7" type="stmt"/>
      <line num="55" count="0" type="stmt"/>
      <line num="57" count="10" type="stmt"/>
      <line num="61" count="3" type="cond" truecount="1" falsecount="1"/>
      <line num="62" count="3" type="stmt"/>
      <line num="67" count="3" type="stmt"/>
      <line num="68" count="3" type="stmt"/>
      <line num="69" count="3" type="stmt"/>
      <line num="74" count="1" type="stmt"/>
      <line num="75" count="1" type="stmt"/>
      <line num="79" count="1" type="stmt"/>
      <line num="80" count="1" type="stmt"/>
      <line num="81" count="1" type="stmt"/>
      <line num="85" count="0" type="cond" truecount="0" falsecount="2"/>
      <line num="86" count="0" type="stmt"/>
      <line num="87" count="0" type="cond" truecount="0" falsecount="2"/>
      <line num="88" count="0" type="stmt"/>
      <line num="90" count="0" type="stmt"/>
      <line num="94" count="0" type="stmt"/>
      <line num="95" count="0" type="stmt"/>
      <line num="99" count="0" type="stmt"/>
      <line num="100" count="0" type="stmt"/>
      <line num="104" count="7" type="stmt"/>
      <line num="105" count="7" type="stmt"/>
      <line num="106" count="9" type="stmt"/>
      <line num="107" count="0" type="stmt"/>
      <line num="111" count="7" type="stmt"/>
      <line num="112" count="7" type="cond" truecount="1" falsecount="1"/>
      <line num="113" count="7" type="stmt"/>
      <line num="114" count="9" type="stmt"/>
      <line num="115" count="0" type="stmt"/>
      <line num="120" count="7" type="stmt"/>
      <line num="121" count="7" type="cond" truecount="1" falsecount="1"/>
      <line num="122" count="7" type="stmt"/>
      <line num="123" count="9" type="stmt"/>
      <line num="124" count="0" type="stmt"/>
      <line num="125" count="0" type="stmt"/>
      <line num="126" count="0" type="stmt"/>
    </file>
  </project>
</coverage>
