{"C:\\Users\\monik\\ToDo-List\\src\\task.js": {"path":"C:\\Users\\monik\\ToDo-List\\src\\task.js","statementMap":{"0":{"start":{"line":3,"column":4},"end":{"line":3,"column":62}},"1":{"start":{"line":4,"column":4},"end":{"line":6,"column":5}},"2":{"start":{"line":5,"column":6},"end":{"line":5,"column":21}},"3":{"start":{"line":7,"column":4},"end":{"line":7,"column":20}},"4":{"start":{"line":11,"column":4},"end":{"line":11,"column":20}},"5":{"start":{"line":12,"column":24},"end":{"line":12,"column":61}},"6":{"start":{"line":13,"column":4},"end":{"line":13,"column":31}},"7":{"start":{"line":14,"column":4},"end":{"line":40,"column":7}},"8":{"start":{"line":15,"column":25},"end":{"line":15,"column":102}},"9":{"start":{"line":16,"column":6},"end":{"line":32,"column":7}},"10":{"start":{"line":17,"column":8},"end":{"line":23,"column":14}},"11":{"start":{"line":25,"column":8},"end":{"line":31,"column":18}},"12":{"start":{"line":33,"column":6},"end":{"line":38,"column":8}},"13":{"start":{"line":39,"column":6},"end":{"line":39,"column":44}},"14":{"start":{"line":41,"column":4},"end":{"line":41,"column":23}},"15":{"start":{"line":45,"column":4},"end":{"line":47,"column":5}},"16":{"start":{"line":45,"column":17},"end":{"line":45,"column":18}},"17":{"start":{"line":46,"column":6},"end":{"line":46,"column":29}},"18":{"start":{"line":48,"column":4},"end":{"line":56,"column":7}},"19":{"start":{"line":49,"column":6},"end":{"line":51,"column":7}},"20":{"start":{"line":50,"column":8},"end":{"line":50,"column":18}},"21":{"start":{"line":52,"column":6},"end":{"line":54,"column":7}},"22":{"start":{"line":53,"column":8},"end":{"line":53,"column":17}},"23":{"start":{"line":55,"column":6},"end":{"line":55,"column":15}},"24":{"start":{"line":57,"column":4},"end":{"line":57,"column":65}},"25":{"start":{"line":61,"column":4},"end":{"line":70,"column":5}},"26":{"start":{"line":62,"column":26},"end":{"line":66,"column":7}},"27":{"start":{"line":67,"column":6},"end":{"line":67,"column":34}},"28":{"start":{"line":68,"column":6},"end":{"line":68,"column":22}},"29":{"start":{"line":69,"column":6},"end":{"line":69,"column":22}},"30":{"start":{"line":74,"column":4},"end":{"line":74,"column":31}},"31":{"start":{"line":75,"column":4},"end":{"line":75,"column":20}},"32":{"start":{"line":79,"column":4},"end":{"line":79,"column":25}},"33":{"start":{"line":80,"column":4},"end":{"line":80,"column":19}},"34":{"start":{"line":81,"column":4},"end":{"line":81,"column":20}},"35":{"start":{"line":85,"column":4},"end":{"line":89,"column":5}},"36":{"start":{"line":86,"column":6},"end":{"line":86,"column":41}},"37":{"start":{"line":87,"column":11},"end":{"line":89,"column":5}},"38":{"start":{"line":88,"column":6},"end":{"line":88,"column":40}},"39":{"start":{"line":90,"column":4},"end":{"line":90,"column":20}},"40":{"start":{"line":94,"column":4},"end":{"line":94,"column":77}},"41":{"start":{"line":94,"column":47},"end":{"line":94,"column":75}},"42":{"start":{"line":95,"column":4},"end":{"line":95,"column":20}},"43":{"start":{"line":99,"column":4},"end":{"line":99,"column":47}},"44":{"start":{"line":100,"column":4},"end":{"line":100,"column":20}},"45":{"start":{"line":104,"column":27},"end":{"line":104,"column":72}},"46":{"start":{"line":105,"column":4},"end":{"line":109,"column":7}},"47":{"start":{"line":106,"column":6},"end":{"line":108,"column":9}},"48":{"start":{"line":107,"column":8},"end":{"line":107,"column":55}},"49":{"start":{"line":111,"column":21},"end":{"line":111,"column":64}},"50":{"start":{"line":112,"column":4},"end":{"line":118,"column":5}},"51":{"start":{"line":113,"column":6},"end":{"line":117,"column":9}},"52":{"start":{"line":114,"column":8},"end":{"line":116,"column":11}},"53":{"start":{"line":115,"column":10},"end":{"line":115,"column":54}},"54":{"start":{"line":120,"column":23},"end":{"line":120,"column":61}},"55":{"start":{"line":121,"column":4},"end":{"line":129,"column":5}},"56":{"start":{"line":122,"column":6},"end":{"line":128,"column":9}},"57":{"start":{"line":123,"column":8},"end":{"line":127,"column":11}},"58":{"start":{"line":124,"column":30},"end":{"line":124,"column":48}},"59":{"start":{"line":125,"column":24},"end":{"line":125,"column":53}},"60":{"start":{"line":126,"column":10},"end":{"line":126,"column":44}}},"fnMap":{"0":{"name":"(anonymous_0)","decl":{"start":{"line":2,"column":2},"end":{"line":2,"column":3}},"loc":{"start":{"line":2,"column":16},"end":{"line":8,"column":3}},"line":2},"1":{"name":"(anonymous_1)","decl":{"start":{"line":10,"column":2},"end":{"line":10,"column":3}},"loc":{"start":{"line":10,"column":13},"end":{"line":42,"column":3}},"line":10},"2":{"name":"(anonymous_2)","decl":{"start":{"line":14,"column":22},"end":{"line":14,"column":23}},"loc":{"start":{"line":14,"column":36},"end":{"line":40,"column":5}},"line":14},"3":{"name":"(anonymous_3)","decl":{"start":{"line":44,"column":2},"end":{"line":44,"column":3}},"loc":{"start":{"line":44,"column":13},"end":{"line":58,"column":3}},"line":44},"4":{"name":"(anonymous_4)","decl":{"start":{"line":48,"column":19},"end":{"line":48,"column":20}},"loc":{"start":{"line":48,"column":29},"end":{"line":56,"column":5}},"line":48},"5":{"name":"(anonymous_5)","decl":{"start":{"line":60,"column":2},"end":{"line":60,"column":3}},"loc":{"start":{"line":60,"column":20},"end":{"line":71,"column":3}},"line":60},"6":{"name":"(anonymous_6)","decl":{"start":{"line":73,"column":2},"end":{"line":73,"column":3}},"loc":{"start":{"line":73,"column":20},"end":{"line":76,"column":3}},"line":73},"7":{"name":"(anonymous_7)","decl":{"start":{"line":78,"column":2},"end":{"line":78,"column":3}},"loc":{"start":{"line":78,"column":12},"end":{"line":82,"column":3}},"line":78},"8":{"name":"(anonymous_8)","decl":{"start":{"line":84,"column":2},"end":{"line":84,"column":3}},"loc":{"start":{"line":84,"column":22},"end":{"line":91,"column":3}},"line":84},"9":{"name":"(anonymous_9)","decl":{"start":{"line":93,"column":2},"end":{"line":93,"column":3}},"loc":{"start":{"line":93,"column":19},"end":{"line":96,"column":3}},"line":93},"10":{"name":"(anonymous_10)","decl":{"start":{"line":94,"column":33},"end":{"line":94,"column":34}},"loc":{"start":{"line":94,"column":47},"end":{"line":94,"column":75}},"line":94},"11":{"name":"(anonymous_11)","decl":{"start":{"line":98,"column":2},"end":{"line":98,"column":3}},"loc":{"start":{"line":98,"column":31},"end":{"line":101,"column":3}},"line":98},"12":{"name":"(anonymous_12)","decl":{"start":{"line":103,"column":2},"end":{"line":103,"column":3}},"loc":{"start":{"line":103,"column":16},"end":{"line":130,"column":3}},"line":103},"13":{"name":"(anonymous_13)","decl":{"start":{"line":105,"column":27},"end":{"line":105,"column":28}},"loc":{"start":{"line":105,"column":41},"end":{"line":109,"column":5}},"line":105},"14":{"name":"(anonymous_14)","decl":{"start":{"line":106,"column":41},"end":{"line":106,"column":42}},"loc":{"start":{"line":106,"column":47},"end":{"line":108,"column":7}},"line":106},"15":{"name":"(anonymous_15)","decl":{"start":{"line":113,"column":23},"end":{"line":113,"column":24}},"loc":{"start":{"line":113,"column":32},"end":{"line":117,"column":7}},"line":113},"16":{"name":"(anonymous_16)","decl":{"start":{"line":114,"column":38},"end":{"line":114,"column":39}},"loc":{"start":{"line":114,"column":44},"end":{"line":116,"column":9}},"line":114},"17":{"name":"(anonymous_17)","decl":{"start":{"line":122,"column":25},"end":{"line":122,"column":26}},"loc":{"start":{"line":122,"column":39},"end":{"line":128,"column":7}},"line":122},"18":{"name":"(anonymous_18)","decl":{"start":{"line":123,"column":43},"end":{"line":123,"column":44}},"loc":{"start":{"line":123,"column":50},"end":{"line":127,"column":9}},"line":123}},"branchMap":{"0":{"loc":{"start":{"line":4,"column":4},"end":{"line":6,"column":5}},"type":"if","locations":[{"start":{"line":4,"column":4},"end":{"line":6,"column":5}},{"start":{},"end":{}}],"line":4},"1":{"loc":{"start":{"line":16,"column":6},"end":{"line":32,"column":7}},"type":"if","locations":[{"start":{"line":16,"column":6},"end":{"line":32,"column":7}},{"start":{"line":24,"column":13},"end":{"line":32,"column":7}}],"line":16},"2":{"loc":{"start":{"line":49,"column":6},"end":{"line":51,"column":7}},"type":"if","locations":[{"start":{"line":49,"column":6},"end":{"line":51,"column":7}},{"start":{},"end":{}}],"line":49},"3":{"loc":{"start":{"line":52,"column":6},"end":{"line":54,"column":7}},"type":"if","locations":[{"start":{"line":52,"column":6},"end":{"line":54,"column":7}},{"start":{},"end":{}}],"line":52},"4":{"loc":{"start":{"line":61,"column":4},"end":{"line":70,"column":5}},"type":"if","locations":[{"start":{"line":61,"column":4},"end":{"line":70,"column":5}},{"start":{},"end":{}}],"line":61},"5":{"loc":{"start":{"line":85,"column":4},"end":{"line":89,"column":5}},"type":"if","locations":[{"start":{"line":85,"column":4},"end":{"line":89,"column":5}},{"start":{"line":87,"column":11},"end":{"line":89,"column":5}}],"line":85},"6":{"loc":{"start":{"line":87,"column":11},"end":{"line":89,"column":5}},"type":"if","locations":[{"start":{"line":87,"column":11},"end":{"line":89,"column":5}},{"start":{},"end":{}}],"line":87},"7":{"loc":{"start":{"line":112,"column":4},"end":{"line":118,"column":5}},"type":"if","locations":[{"start":{"line":112,"column":4},"end":{"line":118,"column":5}},{"start":{},"end":{}}],"line":112},"8":{"loc":{"start":{"line":121,"column":4},"end":{"line":129,"column":5}},"type":"if","locations":[{"start":{"line":121,"column":4},"end":{"line":129,"column":5}},{"start":{},"end":{}}],"line":121}},"s":{"0":2,"1":2,"2":1,"3":2,"4":7,"5":7,"6":7,"7":7,"8":9,"9":9,"10":0,"11":9,"12":9,"13":9,"14":7,"15":10,"16":10,"17":15,"18":10,"19":7,"20":0,"21":7,"22":7,"23":0,"24":10,"25":3,"26":3,"27":3,"28":3,"29":3,"30":1,"31":1,"32":1,"33":1,"34":1,"35":0,"36":0,"37":0,"38":0,"39":0,"40":0,"41":0,"42":0,"43":0,"44":0,"45":7,"46":7,"47":9,"48":0,"49":7,"50":7,"51":7,"52":9,"53":0,"54":7,"55":7,"56":7,"57":9,"58":0,"59":0,"60":0},"f":{"0":2,"1":7,"2":9,"3":10,"4":7,"5":3,"6":1,"7":1,"8":0,"9":0,"10":0,"11":0,"12":7,"13":9,"14":0,"15":9,"16":0,"17":9,"18":0},"b":{"0":[1,1],"1":[0,9],"2":[0,7],"3":[7,0],"4":[3,0],"5":[0,0],"6":[0,0],"7":[7,0],"8":[7,0]},"_coverageSchema":"1a1c01bbd47fc00a2c39e90264f33305004495a9","hash":"57f465b7da00dce0f254c686585579af3fc7d284"}
}
