TN:
SF:src\task.js
FN:2,(anonymous_0)
FN:10,(anonymous_1)
FN:14,(anonymous_2)
FN:44,(anonymous_3)
FN:48,(anonymous_4)
FN:60,(anonymous_5)
FN:73,(anonymous_6)
FN:78,(anonymous_7)
FN:84,(anonymous_8)
FN:93,(anonymous_9)
FN:94,(anonymous_10)
FN:98,(anonymous_11)
FN:103,(anonymous_12)
FN:105,(anonymous_13)
FN:106,(anonymous_14)
FN:113,(anonymous_15)
FN:114,(anonymous_16)
FN:122,(anonymous_17)
FN:123,(anonymous_18)
FNF:19
FNH:12
FNDA:2,(anonymous_0)
FNDA:7,(anonymous_1)
FNDA:9,(anonymous_2)
FNDA:10,(anonymous_3)
FNDA:7,(anonymous_4)
FNDA:3,(anonymous_5)
FNDA:1,(anonymous_6)
FNDA:1,(anonymous_7)
FNDA:0,(anonymous_8)
FNDA:0,(anonymous_9)
FNDA:0,(anonymous_10)
FNDA:0,(anonymous_11)
FNDA:7,(anonymous_12)
FNDA:9,(anonymous_13)
FNDA:0,(anonymous_14)
FNDA:9,(anonymous_15)
FNDA:0,(anonymous_16)
FNDA:9,(anonymous_17)
FNDA:0,(anonymous_18)
DA:3,2
DA:4,2
DA:5,1
DA:7,2
DA:11,7
DA:12,7
DA:13,7
DA:14,7
DA:15,9
DA:16,9
DA:17,0
DA:25,9
DA:33,9
DA:39,9
DA:41,7
DA:45,10
DA:46,15
DA:48,10
DA:49,7
DA:50,0
DA:52,7
DA:53,7
DA:55,0
DA:57,10
DA:61,3
DA:62,3
DA:67,3
DA:68,3
DA:69,3
DA:74,1
DA:75,1
DA:79,1
DA:80,1
DA:81,1
DA:85,0
DA:86,0
DA:87,0
DA:88,0
DA:90,0
DA:94,0
DA:95,0
DA:99,0
DA:100,0
DA:104,7
DA:105,7
DA:106,9
DA:107,0
DA:111,7
DA:112,7
DA:113,7
DA:114,9
DA:115,0
DA:120,7
DA:121,7
DA:122,7
DA:123,9
DA:124,0
DA:125,0
DA:126,0
LF:59
LH:42
BRDA:4,0,0,1
BRDA:4,0,1,1
BRDA:16,1,0,0
BRDA:16,1,1,9
BRDA:49,2,0,0
BRDA:49,2,1,7
BRDA:52,3,0,7
BRDA:52,3,1,0
BRDA:61,4,0,3
BRDA:61,4,1,0
BRDA:85,5,0,0
BRDA:85,5,1,0
BRDA:87,6,0,0
BRDA:87,6,1,0
BRDA:112,7,0,7
BRDA:112,7,1,0
BRDA:121,8,0,7
BRDA:121,8,1,0
BRF:18
BRH:8
end_of_record
